<?xml version="1.0" encoding="UTF-8"?>
<testsuite xmlns:xsi="http://www.w3.org/2001/XMLSchema-instance" xsi:noNamespaceSchemaLocation="https://maven.apache.org/surefire/maven-surefire-plugin/xsd/surefire-test-report-3.0.xsd" version="3.0" name="ca.mcmaster.se2aa4.mazerunner.MazeTraverserTest" time="0.067" tests="10" errors="0" skipped="0" failures="0">
  <properties>
[...]
</properties>
  <testcase name="testCanonicalPathGeneration_RHS" classname="ca.mcmaster.se2aa4.mazerunner.MazeTraverserTest" time="0.025">
    <system-out><![CDATA[Running: Test Canonical Path Generation (RHS)
Passed: Test Canonical Path Generation (RHS)
]]></system-out>
  </testcase>
  <testcase name="testValidateIncorrectUserPath" classname="ca.mcmaster.se2aa4.mazerunner.MazeTraverserTest" time="0.001">
    <system-out><![CDATA[Running: Test Validate Incorrect User Path
Invalid Path!
Passed: Test Validate Incorrect User Path
]]></system-out>
  </testcase>
  <testcase name="testCanonicalGenerationPath_BFS" classname="ca.mcmaster.se2aa4.mazerunner.MazeTraverserTest" time="0.008">
    <system-out><![CDATA[Running: Test Canonical Path Generation (BFS)
Passed: Test Canonical Path Generation (BFS)
]]></system-out>
  </testcase>
  <testcase name="testUndoMoveForward" classname="ca.mcmaster.se2aa4.mazerunner.MazeTraverserTest" time="0.002">
    <system-out><![CDATA[Running: Test Undo Move Forward
Passed: Test Undo Move Forward
]]></system-out>
  </testcase>
  <testcase name="testFactorizedPath" classname="ca.mcmaster.se2aa4.mazerunner.MazeTraverserTest" time="0.003">
    <system-out><![CDATA[Running: Test Factorized Path
Passed: Test Factorized Path
]]></system-out>
  </testcase>
  <testcase name="testHistoryStackPushPop" classname="ca.mcmaster.se2aa4.mazerunner.MazeTraverserTest" time="0.001">
    <system-out><![CDATA[Running: Test History Command Stack Push Pop
Passed: Test History Command Stack Push Pop
]]></system-out>
  </testcase>
  <testcase name="testValidateCorrectUserPath" classname="ca.mcmaster.se2aa4.mazerunner.MazeTraverserTest" time="0.001">
    <system-out><![CDATA[Running: Test Validate Correct User Path
Your path works!
Passed: Test Validate Correct User Path
]]></system-out>
  </testcase>
  <testcase name="testInvalidOutOfBoundsMove" classname="ca.mcmaster.se2aa4.mazerunner.MazeTraverserTest" time="0.001">
    <system-out><![CDATA[Running: Test Invalid Out Of Bounds Move
Passed: Test Invalid Out Of Bounds Move
]]></system-out>
  </testcase>
  <testcase name="testStartIsFinish" classname="ca.mcmaster.se2aa4.mazerunner.MazeTraverserTest" time="0.001">
    <system-out><![CDATA[Running: Test Start To Finish
Passed: Test Start To Finish
]]></system-out>
  </testcase>
  <testcase name="testTurnLeftAndUndo" classname="ca.mcmaster.se2aa4.mazerunner.MazeTraverserTest" time="0.0">
    <system-out><![CDATA[Running: Test Turn Left And Undo
Passed: Test Turn Left And Undo
]]></system-out>
  </testcase>
</testsuite>